#-----------------------------------------------------------
# Vivado v2019.2 (64-bit)
# SW Build 2708876 on Wed Nov  6 21:40:23 MST 2019
# IP Build 2700528 on Thu Nov  7 00:09:20 MST 2019
# Start of session at: Sat Jan  7 21:07:18 2023
# Process ID: 30068
# Current directory: C:/Users/jelte/Desktop/AudioInterface
# Command line: vivado.exe -gui_launcher_event rodinguilauncherevent17536 C:\Users\jelte\Desktop\AudioInterface\AudioInterface.xpr
# Log file: C:/Users/jelte/Desktop/AudioInterface/vivado.log
# Journal file: C:/Users/jelte/Desktop/AudioInterface\vivado.jou
#-----------------------------------------------------------
start_gui
open_project C:/Users/jelte/Desktop/AudioInterface/AudioInterface.xpr
Scanning sources...
Finished scanning sources
INFO: [IP_Flow 19-234] Refreshing IP repositories
INFO: [IP_Flow 19-1704] No user IP repositories specified
INFO: [IP_Flow 19-2313] Loaded Vivado IP repository 'C:/Xilinx/Vivado/2019.2/data/ip'.
update_compile_order -fileset sources_1
export_ip_user_files -of_objects  [get_files C:/Users/jelte/Desktop/AudioInterface/AudioInterface.srcs/sources_1/new/clok_div.vhd] -no_script -reset -force -quiet
remove_files  C:/Users/jelte/Desktop/AudioInterface/AudioInterface.srcs/sources_1/new/clok_div.vhd
export_ip_user_files -of_objects  [get_files C:/Users/jelte/Desktop/AudioInterface/AudioInterface.srcs/sources_1/new/BCDto7SEG.vhd] -no_script -reset -force -quiet
remove_files  C:/Users/jelte/Desktop/AudioInterface/AudioInterface.srcs/sources_1/new/BCDto7SEG.vhd
export_ip_user_files -of_objects  [get_files C:/Users/jelte/Desktop/AudioInterface/AudioInterface.srcs/sources_1/new/BCD_counter.vhd] -no_script -reset -force -quiet
remove_files  C:/Users/jelte/Desktop/AudioInterface/AudioInterface.srcs/sources_1/new/BCD_counter.vhd
export_ip_user_files -of_objects  [get_files C:/Users/jelte/Desktop/AudioInterface/AudioInterface.srcs/sources_1/new/volume_control.vhd] -no_script -reset -force -quiet
remove_files  C:/Users/jelte/Desktop/AudioInterface/AudioInterface.srcs/sources_1/new/volume_control.vhd
file delete -force C:/Users/jelte/Desktop/AudioInterface/AudioInterface.srcs/sources_1/new/volume_control.vhd
close [ open C:/Users/jelte/Desktop/AudioInterface/AudioInterface.srcs/sources_1/new/encoder_binary_to_segment.vhd w ]
add_files C:/Users/jelte/Desktop/AudioInterface/AudioInterface.srcs/sources_1/new/encoder_binary_to_segment.vhd
close [ open C:/Users/jelte/Desktop/AudioInterface/AudioInterface.srcs/sources_1/new/volume_controller.vhd w ]
add_files C:/Users/jelte/Desktop/AudioInterface/AudioInterface.srcs/sources_1/new/volume_controller.vhd
close [ open C:/Users/jelte/Desktop/AudioInterface/AudioInterface.srcs/sources_1/new/binary_counter.vhd w ]
add_files C:/Users/jelte/Desktop/AudioInterface/AudioInterface.srcs/sources_1/new/binary_counter.vhd
close [ open C:/Users/jelte/Desktop/AudioInterface/AudioInterface.srcs/sources_1/new/clock_divider.vhd w ]
add_files C:/Users/jelte/Desktop/AudioInterface/AudioInterface.srcs/sources_1/new/clock_divider.vhd
update_compile_order -fileset sources_1
update_compile_order -fileset sources_1
update_compile_order -fileset sources_1
update_compile_order -fileset sources_1
update_compile_order -fileset sources_1
create_ip -name fir_compiler -vendor xilinx.com -library ip -version 7.2 -module_name fir_hp -dir c:/Users/jelte/Desktop/AudioInterface/AudioInterface.srcs/sources_1/ip
set_property -dict [list CONFIG.Component_Name {fir_hp} CONFIG.CoefficientVector {0.000000000000000000, -0.000000021564842169, -0.000000093794919006, -0.000000195899050401, -0.000000267855972987, -0.000000227648355697, 0.000000000000000000, 0.000000450917224033, 0.000001094241962208, 0.000001819708475018, 0.000002445794390380, 0.000002750452848562, 0.000002520572290144, 0.000001610980832523, 0.000000000000000000, -0.000002172707812462, -0.000004598389761085, -0.000006829007307045, -0.000008344767244674, -0.000008651215894544, -0.000007390006264372, -0.000004442038686121, 0.000000000000000000, 0.000005409809168860, 0.000010969091872815, 0.000015674396822133, 0.000018498191066534, 0.000018580885453980, 0.000015421211310396, 0.000009028153283675, 0.000000000000000000, -0.000010494696484547, -0.000020844308105620, -0.000029220613722690, -0.000033876174799270, -0.000033467569081774, -0.000027349138360443, -0.000015780519370385, 0.000000000000000000, 0.000017865808461778, 0.000035059657866239, 0.000048593020751622, 0.000055733424609065, 0.000054504552737717, 0.000044113368309821, 0.000025221956287086, 0.000000000000000000, -0.000028074896151050, -0.000054661630563162, -0.000075194398104120, -0.000085626926460683, -0.000083166197864999, -0.000066869955578297, -0.000037993150115669, 0.000000000000000001, 0.000041792955177730, 0.000080918286264028, 0.000110718608456576, 0.000125430423323356, 0.000121221054714514, 0.000097001286968775, 0.000054857906212605, 0.000000000000000000, -0.000059815354689210, -0.000115328660919616, -0.000157162831307500, -0.000177347644202223, -0.000170744116196565, -0.000136125520282358, -0.000076708310035821, 0.000000000000000001, 0.000083067168525224, 0.000159632838556724, 0.000216841071849991, 0.000243927371321153, 0.000234131215042994, 0.000186108020993885, 0.000104571172423459, -0.000000000000000002, -0.000112610227263616, -0.000215825635869428, -0.000292402982000049, -0.000328084928815417, -0.000314120003652593, -0.000249078358089714, -0.000139617778727822, 0.000000000000000001, 0.000149654106986683, 0.000286178187184897, 0.000386863860526110, 0.000433136742653440, 0.000413823949676127, 0.000327458014819005, 0.000183179863744706, 0.000000000000000001, -0.000195574259790926, -0.000373273633289544, -0.000503654323961106, -0.000562857603089520, -0.000536788673364868, -0.000424006297119556, -0.000236776058842265, 0.000000000000000001, 0.000251941959027417, 0.000480065976148782, 0.000646702078704122, 0.000721574759926931, 0.000687084341993804, 0.000541895472393539, 0.000302155089180567, -0.000000000000000004, -0.000320573008147219, -0.000609975616960193, -0.000820564396184757, -0.000914320067199860, -0.000869454786288807, -0.000684831821059176, -0.000381365248705482, 0.000000000000000002, 0.000403605840039126, 0.000767042331711460, 0.001030639967514281, 0.001147073019919023, 0.001089555462516073, 0.000857248645193458, 0.000476865092423025, 0.000000000000000003, -0.000503625819600139, -0.000956168669832788, -0.001283505926388813, -0.001427147371293930, -0.001354332041470628, -0.001064613419229004, -0.000591699662662827, 0.000000000000000002, 0.000623863389233819, 0.001183508279035379, 0.001587456087582660, 0.001763809292332141, 0.001672626526962874, 0.001313920257413373, 0.000729783497792875, -0.000000000000000010, -0.000768513458575400, -0.001457093150008183, -0.001953372291092741, -0.002169280501687441, -0.002056163363868167, -0.001614493299844894, -0.000896363648370281, 0.000000000000000003, 0.000943261213625487, 0.001787869728302936, 0.002396168824150887, 0.002660407315263348, 0.002521196530981892, 0.001979334042477640, 0.001098799466897769, -0.000000000000000003, -0.001156175635396672, -0.002191467991628501, -0.002937270864288338, -0.003261539238564697, -0.003091365407543773, -0.002427470359110833, -0.001347929927158085, 0.000000000000000004, 0.001419295196813811, 0.002691360904823250, 0.003609069884390461, 0.004009738847316322, 0.003802899811328461, 0.002988268844356822, 0.001660602579433568, -0.000000000000000004, -0.001751607123906709, -0.003324849636977185, -0.004463436076920226, -0.004964823675952021, -0.004714744202515135, -0.003709901867166821, -0.002064687502408256, 0.000000000000000004, 0.002185076110106740, 0.004155305940813858, 0.005589324830937704, 0.006230376846000605, 0.005929994901971771, 0.004677499057038802, 0.002609964862602732, -0.000000000000000004, -0.002778095284987776, -0.005299881516471089, -0.007153226043287828, -0.008002771940813263, -0.007646734949903344, -0.006056921251112117, -0.003394846259400739, 0.000000000000000005, 0.003649759742625880, 0.007001541475731221, 0.009506546855894206, 0.010704218551342220, 0.010299218385854280, 0.008219327012877763, 0.004644388151943593, -0.000000000000000005, -0.005085650927730729, -0.009858227473574404, -0.013538390548722566, -0.015435056575046882, -0.015055668233742426, -0.012197863367553189, -0.007008546453261965, 0.000000000000000005, 0.007982091257071817, 0.015837640832655708, 0.022330783354608041, 0.026235081260649985, 0.026488130941560016, 0.022336338908282703, 0.013451039627222761, -0.000000000000000005, -0.017336603409175987, -0.037410040928708532, -0.058703676892127181, -0.079480211653890187, -0.097959299394750274, -0.112505226990134058, -0.121802729177567834, 0.874999869711812761, -0.121802729177567834, -0.112505226990134058, -0.097959299394750274, -0.079480211653890187, -0.058703676892127181, -0.037410040928708532, -0.017336603409175987, -0.000000000000000005, 0.013451039627222763, 0.022336338908282703, 0.026488130941560020, 0.026235081260649992, 0.022330783354608041, 0.015837640832655712, 0.007982091257071819, 0.000000000000000005, -0.007008546453261965, -0.012197863367553189, -0.015055668233742426, -0.015435056575046882, -0.013538390548722565, -0.009858227473574404, -0.005085650927730729, -0.000000000000000005, 0.004644388151943593, 0.008219327012877765, 0.010299218385854281, 0.010704218551342222, 0.009506546855894206, 0.007001541475731222, 0.003649759742625880, 0.000000000000000005, -0.003394846259400740, -0.006056921251112119, -0.007646734949903345, -0.008002771940813265, -0.007153226043287828, -0.005299881516471090, -0.002778095284987777, -0.000000000000000004, 0.002609964862602732, 0.004677499057038801, 0.005929994901971770, 0.006230376846000605, 0.005589324830937705, 0.004155305940813858, 0.002185076110106741, 0.000000000000000004, -0.002064687502408256, -0.003709901867166823, -0.004714744202515136, -0.004964823675952022, -0.004463436076920225, -0.003324849636977185, -0.001751607123906709, -0.000000000000000004, 0.001660602579433568, 0.002988268844356822, 0.003802899811328461, 0.004009738847316323, 0.003609069884390463, 0.002691360904823251, 0.001419295196813811, 0.000000000000000004, -0.001347929927158086, -0.002427470359110834, -0.003091365407543773, -0.003261539238564697, -0.002937270864288338, -0.002191467991628501, -0.001156175635396672, -0.000000000000000003, 0.001098799466897769, 0.001979334042477640, 0.002521196530981893, 0.002660407315263348, 0.002396168824150887, 0.001787869728302936, 0.000943261213625487, 0.000000000000000003, -0.000896363648370281, -0.001614493299844895, -0.002056163363868168, -0.002169280501687443, -0.001953372291092741, -0.001457093150008184, -0.000768513458575400, -0.000000000000000010, 0.000729783497792875, 0.001313920257413373, 0.001672626526962874, 0.001763809292332142, 0.001587456087582660, 0.001183508279035379, 0.000623863389233819, 0.000000000000000002, -0.000591699662662827, -0.001064613419229006, -0.001354332041470628, -0.001427147371293932, -0.001283505926388813, -0.000956168669832788, -0.000503625819600139, 0.000000000000000003, 0.000476865092423025, 0.000857248645193458, 0.001089555462516073, 0.001147073019919024, 0.001030639967514282, 0.000767042331711461, 0.000403605840039126, 0.000000000000000002, -0.000381365248705482, -0.000684831821059176, -0.000869454786288807, -0.000914320067199861, -0.000820564396184757, -0.000609975616960193, -0.000320573008147219, -0.000000000000000004, 0.000302155089180567, 0.000541895472393539, 0.000687084341993804, 0.000721574759926931, 0.000646702078704122, 0.000480065976148782, 0.000251941959027418, 0.000000000000000001, -0.000236776058842265, -0.000424006297119556, -0.000536788673364869, -0.000562857603089521, -0.000503654323961105, -0.000373273633289544, -0.000195574259790926, 0.000000000000000001, 0.000183179863744706, 0.000327458014819005, 0.000413823949676128, 0.000433136742653440, 0.000386863860526110, 0.000286178187184898, 0.000149654106986683, 0.000000000000000001, -0.000139617778727822, -0.000249078358089714, -0.000314120003652594, -0.000328084928815417, -0.000292402982000050, -0.000215825635869428, -0.000112610227263616, -0.000000000000000002, 0.000104571172423459, 0.000186108020993885, 0.000234131215042994, 0.000243927371321153, 0.000216841071849991, 0.000159632838556724, 0.000083067168525224, 0.000000000000000001, -0.000076708310035822, -0.000136125520282358, -0.000170744116196565, -0.000177347644202224, -0.000157162831307500, -0.000115328660919616, -0.000059815354689210, 0.000000000000000000, 0.000054857906212605, 0.000097001286968775, 0.000121221054714515, 0.000125430423323356, 0.000110718608456577, 0.000080918286264028, 0.000041792955177730, 0.000000000000000001, -0.000037993150115669, -0.000066869955578297, -0.000083166197864998, -0.000085626926460683, -0.000075194398104120, -0.000054661630563162, -0.000028074896151050, 0.000000000000000000, 0.000025221956287086, 0.000044113368309821, 0.000054504552737718, 0.000055733424609065, 0.000048593020751622, 0.000035059657866239, 0.000017865808461778, 0.000000000000000000, -0.000015780519370385, -0.000027349138360443, -0.000033467569081774, -0.000033876174799270, -0.000029220613722690, -0.000020844308105620, -0.000010494696484547, 0.000000000000000000, 0.000009028153283675, 0.000015421211310396, 0.000018580885453980, 0.000018498191066534, 0.000015674396822133, 0.000010969091872815, 0.000005409809168860, 0.000000000000000000, -0.000004442038686121, -0.000007390006264372, -0.000008651215894544, -0.000008344767244674, -0.000006829007307045, -0.000004598389761085, -0.000002172707812462, 0.000000000000000000, 0.000001610980832523, 0.000002520572290144, 0.000002750452848562, 0.000002445794390380, 0.000001819708475018, 0.000001094241962208, 0.000000450917224033, 0.000000000000000000, -0.000000227648355697, -0.000000267855972987, -0.000000195899050401, -0.000000093794919006, -0.000000021564842169, 0.000000000000000000} CONFIG.Sample_Frequency {0.096} CONFIG.Clock_Frequency {25} CONFIG.Data_Width {24} CONFIG.Output_Rounding_Mode {Truncate_LSBs} CONFIG.Output_Width {24} CONFIG.Coefficient_Sets {1} CONFIG.Coefficient_Sign {Signed} CONFIG.Quantization {Quantize_Only} CONFIG.Coefficient_Width {16} CONFIG.Coefficient_Fractional_Bits {15} CONFIG.Coefficient_Structure {Inferred} CONFIG.Data_Fractional_Bits {0} CONFIG.Output_Rounding_Mode {Truncate_LSBs} CONFIG.Output_Width {24} CONFIG.Filter_Architecture {Systolic_Multiply_Accumulate}] [get_ips fir_hp]
WARNING: [Vivado 12-3523] Attempt to change 'Component_Name' from 'fir_hp' to 'fir_hp' is not allowed and is ignored.
generate_target {instantiation_template} [get_files c:/Users/jelte/Desktop/AudioInterface/AudioInterface.srcs/sources_1/ip/fir_hp/fir_hp.xci]
INFO: [IP_Flow 19-1686] Generating 'Instantiation Template' target for IP 'fir_hp'...
generate_target all [get_files  c:/Users/jelte/Desktop/AudioInterface/AudioInterface.srcs/sources_1/ip/fir_hp/fir_hp.xci]
INFO: [IP_Flow 19-1686] Generating 'Synthesis' target for IP 'fir_hp'...
INFO: [IP_Flow 19-1686] Generating 'Simulation' target for IP 'fir_hp'...
INFO: [IP_Flow 19-1686] Generating 'C Simulation' target for IP 'fir_hp'...
INFO: [IP_Flow 19-1686] Generating 'Test Bench' target for IP 'fir_hp'...
INFO: [IP_Flow 19-1686] Generating 'Miscellaneous' target for IP 'fir_hp'...
INFO: [xilinx.com:ip:fir_compiler:7.2-1] fir_hp: Coefficient Reload not selected, no files generated
INFO: [IP_Flow 19-1686] Generating 'Change Log' target for IP 'fir_hp'...
catch { config_ip_cache -export [get_ips -all fir_hp] }
INFO: [IP_Flow 19-4993] Using cached IP synthesis design for IP fir_hp, cache-ID = 158c5d70551a79e1; cache size = 23.573 MB.
export_ip_user_files -of_objects [get_files c:/Users/jelte/Desktop/AudioInterface/AudioInterface.srcs/sources_1/ip/fir_hp/fir_hp.xci] -no_script -sync -force -quiet
create_ip_run [get_files -of_objects [get_fileset sources_1] c:/Users/jelte/Desktop/AudioInterface/AudioInterface.srcs/sources_1/ip/fir_hp/fir_hp.xci]
INFO: [Vivado 12-3453] The given sub-design is up-to-date, no action was taken.  If a run is still desired, use the '-force' option for the file:'c:/Users/jelte/Desktop/AudioInterface/AudioInterface.srcs/sources_1/ip/fir_hp/fir_hp.xci'
export_simulation -of_objects [get_files c:/Users/jelte/Desktop/AudioInterface/AudioInterface.srcs/sources_1/ip/fir_hp/fir_hp.xci] -directory C:/Users/jelte/Desktop/AudioInterface/AudioInterface.ip_user_files/sim_scripts -ip_user_files_dir C:/Users/jelte/Desktop/AudioInterface/AudioInterface.ip_user_files -ipstatic_source_dir C:/Users/jelte/Desktop/AudioInterface/AudioInterface.ip_user_files/ipstatic -lib_map_path [list {modelsim=C:/Users/jelte/Desktop/AudioInterface/AudioInterface.cache/compile_simlib/modelsim} {questa=C:/Users/jelte/Desktop/AudioInterface/AudioInterface.cache/compile_simlib/questa} {riviera=C:/Users/jelte/Desktop/AudioInterface/AudioInterface.cache/compile_simlib/riviera} {activehdl=C:/Users/jelte/Desktop/AudioInterface/AudioInterface.cache/compile_simlib/activehdl}] -use_ip_compiled_libs -force -quiet
update_compile_order -fileset sources_1
update_compile_order -fileset sources_1
export_ip_user_files -of_objects  [get_files C:/Users/jelte/Desktop/AudioInterface/AudioInterface.srcs/sources_1/ip/fir_compiler_hp/fir_compiler_hp.xci] -no_script -reset -force -quiet
remove_files  -fileset fir_compiler_hp C:/Users/jelte/Desktop/AudioInterface/AudioInterface.srcs/sources_1/ip/fir_compiler_hp/fir_compiler_hp.xci
INFO: [Project 1-386] Moving file 'C:/Users/jelte/Desktop/AudioInterface/AudioInterface.srcs/sources_1/ip/fir_compiler_hp/fir_compiler_hp.xci' from fileset 'fir_compiler_hp' to fileset 'sources_1'.
file delete -force C:/Users/jelte/Desktop/AudioInterface/AudioInterface.srcs/sources_1/ip/fir_compiler_hp
synth_design -rtl -name rtl_1
Command: synth_design -rtl -name rtl_1
Starting synth_design
Using part: xc7a35tcpg236-1
Top: top
INFO: [Device 21-403] Loading part xc7a35tcpg236-1
---------------------------------------------------------------------------------
Starting RTL Elaboration : Time (s): cpu = 00:00:01 ; elapsed = 00:00:02 . Memory (MB): peak = 1656.703 ; gain = 229.234
---------------------------------------------------------------------------------
INFO: [Synth 8-638] synthesizing module 'top' [C:/Users/jelte/Desktop/AudioInterface/AudioInterface.srcs/sources_1/new/top.vhd:28]
INFO: [Synth 8-3491] module 'clk_wiz_0' declared at 'C:/Users/jelte/Desktop/AudioInterface/.Xil/Vivado-30068-Jelte/realtime/clk_wiz_0_stub.v:5' bound to instance 'CLOCK25MHZ' of component 'clk_wiz_0' [C:/Users/jelte/Desktop/AudioInterface/AudioInterface.srcs/sources_1/new/top.vhd:80]
INFO: [Synth 8-6157] synthesizing module 'clk_wiz_0' [C:/Users/jelte/Desktop/AudioInterface/.Xil/Vivado-30068-Jelte/realtime/clk_wiz_0_stub.v:5]
INFO: [Synth 8-6155] done synthesizing module 'clk_wiz_0' (1#1) [C:/Users/jelte/Desktop/AudioInterface/.Xil/Vivado-30068-Jelte/realtime/clk_wiz_0_stub.v:5]
INFO: [Synth 8-3491] module 'txrx_system' declared at 'C:/Users/jelte/Desktop/AudioInterface/AudioInterface.srcs/sources_1/imports/Desktop/txrx_system.vhd:5' bound to instance 'AUDIO_SYSTEM' of component 'txrx_system' [C:/Users/jelte/Desktop/AudioInterface/AudioInterface.srcs/sources_1/new/top.vhd:88]
INFO: [Synth 8-638] synthesizing module 'txrx_system' [C:/Users/jelte/Desktop/AudioInterface/AudioInterface.srcs/sources_1/imports/Desktop/txrx_system.vhd:24]
INFO: [Synth 8-3491] module 'i2s_rxtx' declared at 'C:/Users/jelte/Desktop/AudioInterface/AudioInterface.srcs/sources_1/imports/Desktop/i2s_rxtx.vhd:12' bound to instance 'RX_TX' of component 'i2s_rxtx' [C:/Users/jelte/Desktop/AudioInterface/AudioInterface.srcs/sources_1/imports/Desktop/txrx_system.vhd:102]
INFO: [Synth 8-638] synthesizing module 'i2s_rxtx' [C:/Users/jelte/Desktop/AudioInterface/AudioInterface.srcs/sources_1/imports/Desktop/i2s_rxtx.vhd:31]
INFO: [Synth 8-256] done synthesizing module 'i2s_rxtx' (2#1) [C:/Users/jelte/Desktop/AudioInterface/AudioInterface.srcs/sources_1/imports/Desktop/i2s_rxtx.vhd:31]
INFO: [Synth 8-3491] module 'filter_system' declared at 'C:/Users/jelte/Desktop/AudioInterface/AudioInterface.srcs/sources_1/new/filter_system.vhd:5' bound to instance 'FILTERS_L' of component 'filter_system' [C:/Users/jelte/Desktop/AudioInterface/AudioInterface.srcs/sources_1/imports/Desktop/txrx_system.vhd:116]
INFO: [Synth 8-638] synthesizing module 'filter_system' [C:/Users/jelte/Desktop/AudioInterface/AudioInterface.srcs/sources_1/new/filter_system.vhd:14]
INFO: [Synth 8-3491] module 'fir_lp' declared at 'C:/Users/jelte/Desktop/AudioInterface/.Xil/Vivado-30068-Jelte/realtime/fir_lp_stub.v:6' bound to instance 'LOWPASS_L' of component 'fir_lp' [C:/Users/jelte/Desktop/AudioInterface/AudioInterface.srcs/sources_1/new/filter_system.vhd:66]
INFO: [Synth 8-6157] synthesizing module 'fir_lp' [C:/Users/jelte/Desktop/AudioInterface/.Xil/Vivado-30068-Jelte/realtime/fir_lp_stub.v:6]
INFO: [Synth 8-6155] done synthesizing module 'fir_lp' (3#1) [C:/Users/jelte/Desktop/AudioInterface/.Xil/Vivado-30068-Jelte/realtime/fir_lp_stub.v:6]
INFO: [Synth 8-3491] module 'fir_hp' declared at 'C:/Users/jelte/Desktop/AudioInterface/.Xil/Vivado-30068-Jelte/realtime/fir_hp_stub.v:6' bound to instance 'HIGHPASS_L' of component 'fir_hp' [C:/Users/jelte/Desktop/AudioInterface/AudioInterface.srcs/sources_1/new/filter_system.vhd:74]
INFO: [Synth 8-6157] synthesizing module 'fir_hp' [C:/Users/jelte/Desktop/AudioInterface/.Xil/Vivado-30068-Jelte/realtime/fir_hp_stub.v:6]
INFO: [Synth 8-6155] done synthesizing module 'fir_hp' (4#1) [C:/Users/jelte/Desktop/AudioInterface/.Xil/Vivado-30068-Jelte/realtime/fir_hp_stub.v:6]
INFO: [Synth 8-3491] module 'fir_bp' declared at 'C:/Users/jelte/Desktop/AudioInterface/.Xil/Vivado-30068-Jelte/realtime/fir_bp_stub.v:6' bound to instance 'BANDPASS_L' of component 'fir_bp' [C:/Users/jelte/Desktop/AudioInterface/AudioInterface.srcs/sources_1/new/filter_system.vhd:82]
INFO: [Synth 8-6157] synthesizing module 'fir_bp' [C:/Users/jelte/Desktop/AudioInterface/.Xil/Vivado-30068-Jelte/realtime/fir_bp_stub.v:6]
INFO: [Synth 8-6155] done synthesizing module 'fir_bp' (5#1) [C:/Users/jelte/Desktop/AudioInterface/.Xil/Vivado-30068-Jelte/realtime/fir_bp_stub.v:6]
INFO: [Synth 8-3491] module 'filter_out_mux' declared at 'C:/Users/jelte/Desktop/AudioInterface/AudioInterface.srcs/sources_1/new/filter_out_mux.vhd:4' bound to instance 'OUTPUT_MUX' of component 'filter_out_mux' [C:/Users/jelte/Desktop/AudioInterface/AudioInterface.srcs/sources_1/new/filter_system.vhd:90]
INFO: [Synth 8-638] synthesizing module 'filter_out_mux' [C:/Users/jelte/Desktop/AudioInterface/AudioInterface.srcs/sources_1/new/filter_out_mux.vhd:15]
INFO: [Synth 8-256] done synthesizing module 'filter_out_mux' (6#1) [C:/Users/jelte/Desktop/AudioInterface/AudioInterface.srcs/sources_1/new/filter_out_mux.vhd:15]
INFO: [Synth 8-256] done synthesizing module 'filter_system' (7#1) [C:/Users/jelte/Desktop/AudioInterface/AudioInterface.srcs/sources_1/new/filter_system.vhd:14]
INFO: [Synth 8-3491] module 'volume_divider' declared at 'C:/Users/jelte/Desktop/AudioInterface/AudioInterface.srcs/sources_1/new/volume_divider.vhd:5' bound to instance 'VOL_DIV_L' of component 'volume_divider' [C:/Users/jelte/Desktop/AudioInterface/AudioInterface.srcs/sources_1/imports/Desktop/txrx_system.vhd:124]
INFO: [Synth 8-638] synthesizing module 'volume_divider' [C:/Users/jelte/Desktop/AudioInterface/AudioInterface.srcs/sources_1/new/volume_divider.vhd:11]
WARNING: [Synth 8-614] signal 'audio_in' is read in the process but is not in the sensitivity list [C:/Users/jelte/Desktop/AudioInterface/AudioInterface.srcs/sources_1/new/volume_divider.vhd:17]
WARNING: [Synth 8-614] signal 'audio_in_s' is read in the process but is not in the sensitivity list [C:/Users/jelte/Desktop/AudioInterface/AudioInterface.srcs/sources_1/new/volume_divider.vhd:17]
INFO: [Synth 8-256] done synthesizing module 'volume_divider' (8#1) [C:/Users/jelte/Desktop/AudioInterface/AudioInterface.srcs/sources_1/new/volume_divider.vhd:11]
WARNING: [Synth 8-3848] Net i2s_r_in_final in module/entity txrx_system does not have driver. [C:/Users/jelte/Desktop/AudioInterface/AudioInterface.srcs/sources_1/imports/Desktop/txrx_system.vhd:73]
INFO: [Synth 8-256] done synthesizing module 'txrx_system' (9#1) [C:/Users/jelte/Desktop/AudioInterface/AudioInterface.srcs/sources_1/imports/Desktop/txrx_system.vhd:24]
INFO: [Synth 8-3491] module 'volume_controller' declared at 'C:/Users/jelte/Desktop/AudioInterface/AudioInterface.srcs/sources_1/new/volume_controller.vhd:4' bound to instance 'VOL_CTRL' of component 'volume_controller' [C:/Users/jelte/Desktop/AudioInterface/AudioInterface.srcs/sources_1/new/top.vhd:103]
INFO: [Synth 8-638] synthesizing module 'volume_controller' [C:/Users/jelte/Desktop/AudioInterface/AudioInterface.srcs/sources_1/new/volume_controller.vhd:14]
INFO: [Synth 8-3491] module 'binary_counter' declared at 'C:/Users/jelte/Desktop/AudioInterface/AudioInterface.srcs/sources_1/new/binary_counter.vhd:11' bound to instance 'COUNTER' of component 'binary_counter' [C:/Users/jelte/Desktop/AudioInterface/AudioInterface.srcs/sources_1/new/volume_controller.vhd:44]
INFO: [Synth 8-638] synthesizing module 'binary_counter' [C:/Users/jelte/Desktop/AudioInterface/AudioInterface.srcs/sources_1/new/binary_counter.vhd:20]
INFO: [Synth 8-256] done synthesizing module 'binary_counter' (10#1) [C:/Users/jelte/Desktop/AudioInterface/AudioInterface.srcs/sources_1/new/binary_counter.vhd:20]
INFO: [Synth 8-3491] module 'encoder_binary_to_segment' declared at 'C:/Users/jelte/Desktop/AudioInterface/AudioInterface.srcs/sources_1/new/encoder_binary_to_segment.vhd:4' bound to instance 'ENCODER' of component 'encoder_binary_to_segment' [C:/Users/jelte/Desktop/AudioInterface/AudioInterface.srcs/sources_1/new/volume_controller.vhd:52]
INFO: [Synth 8-638] synthesizing module 'encoder_binary_to_segment' [C:/Users/jelte/Desktop/AudioInterface/AudioInterface.srcs/sources_1/new/encoder_binary_to_segment.vhd:11]
INFO: [Synth 8-256] done synthesizing module 'encoder_binary_to_segment' (11#1) [C:/Users/jelte/Desktop/AudioInterface/AudioInterface.srcs/sources_1/new/encoder_binary_to_segment.vhd:11]
INFO: [Synth 8-3491] module 'clock_divider' declared at 'C:/Users/jelte/Desktop/AudioInterface/AudioInterface.srcs/sources_1/new/clock_divider.vhd:6' bound to instance 'CLKDIV' of component 'clock_divider' [C:/Users/jelte/Desktop/AudioInterface/AudioInterface.srcs/sources_1/new/volume_controller.vhd:58]
INFO: [Synth 8-638] synthesizing module 'clock_divider' [C:/Users/jelte/Desktop/AudioInterface/AudioInterface.srcs/sources_1/new/clock_divider.vhd:13]
INFO: [Synth 8-256] done synthesizing module 'clock_divider' (12#1) [C:/Users/jelte/Desktop/AudioInterface/AudioInterface.srcs/sources_1/new/clock_divider.vhd:13]
INFO: [Synth 8-256] done synthesizing module 'volume_controller' (13#1) [C:/Users/jelte/Desktop/AudioInterface/AudioInterface.srcs/sources_1/new/volume_controller.vhd:14]
INFO: [Synth 8-3491] module 'led_controller' declared at 'C:/Users/jelte/Desktop/AudioInterface/AudioInterface.srcs/sources_1/new/led_controller.vhd:4' bound to instance 'LED_CTRL' of component 'led_controller' [C:/Users/jelte/Desktop/AudioInterface/AudioInterface.srcs/sources_1/new/top.vhd:112]
INFO: [Synth 8-638] synthesizing module 'led_controller' [C:/Users/jelte/Desktop/AudioInterface/AudioInterface.srcs/sources_1/new/led_controller.vhd:11]
INFO: [Synth 8-256] done synthesizing module 'led_controller' (14#1) [C:/Users/jelte/Desktop/AudioInterface/AudioInterface.srcs/sources_1/new/led_controller.vhd:11]
INFO: [Synth 8-256] done synthesizing module 'top' (15#1) [C:/Users/jelte/Desktop/AudioInterface/AudioInterface.srcs/sources_1/new/top.vhd:28]
WARNING: [Synth 8-3917] design top has port an[3] driven by constant 1
WARNING: [Synth 8-3917] design top has port an[2] driven by constant 1
WARNING: [Synth 8-3917] design top has port an[1] driven by constant 1
WARNING: [Synth 8-3917] design top has port an[0] driven by constant 0
---------------------------------------------------------------------------------
Finished RTL Elaboration : Time (s): cpu = 00:00:01 ; elapsed = 00:00:03 . Memory (MB): peak = 1707.117 ; gain = 279.648
---------------------------------------------------------------------------------

Report Check Netlist: 
+------+------------------+-------+---------+-------+------------------+
|      |Item              |Errors |Warnings |Status |Description       |
+------+------------------+-------+---------+-------+------------------+
|1     |multi_driven_nets |      0|        0|Passed |Multi driven nets |
+------+------------------+-------+---------+-------+------------------+
---------------------------------------------------------------------------------
Start Handling Custom Attributes
---------------------------------------------------------------------------------
---------------------------------------------------------------------------------
Finished Handling Custom Attributes : Time (s): cpu = 00:00:01 ; elapsed = 00:00:03 . Memory (MB): peak = 1724.969 ; gain = 297.500
---------------------------------------------------------------------------------
---------------------------------------------------------------------------------
Finished RTL Optimization Phase 1 : Time (s): cpu = 00:00:01 ; elapsed = 00:00:03 . Memory (MB): peak = 1724.969 ; gain = 297.500
---------------------------------------------------------------------------------
INFO: [Project 1-454] Reading design checkpoint 'c:/Users/jelte/Desktop/AudioInterface/AudioInterface.srcs/sources_1/ip/clk_wiz_0/clk_wiz_0.dcp' for cell 'CLOCK25MHZ'
INFO: [Project 1-454] Reading design checkpoint 'c:/Users/jelte/Desktop/AudioInterface/AudioInterface.srcs/sources_1/ip/fir_lp/fir_lp.dcp' for cell 'AUDIO_SYSTEM/FILTERS_L/LOWPASS_L'
INFO: [Project 1-454] Reading design checkpoint 'c:/Users/jelte/Desktop/AudioInterface/AudioInterface.srcs/sources_1/ip/fir_hp/fir_hp.dcp' for cell 'AUDIO_SYSTEM/FILTERS_L/HIGHPASS_L'
INFO: [Project 1-454] Reading design checkpoint 'c:/Users/jelte/Desktop/AudioInterface/AudioInterface.srcs/sources_1/ip/fir_bp/fir_bp.dcp' for cell 'AUDIO_SYSTEM/FILTERS_L/BANDPASS_L'
Netlist sorting complete. Time (s): cpu = 00:00:00 ; elapsed = 00:00:00.026 . Memory (MB): peak = 1742.746 ; gain = 0.000
INFO: [Netlist 29-17] Analyzing 26 Unisim elements for replacement
INFO: [Netlist 29-28] Unisim Transformation completed in 0 CPU seconds
INFO: [Project 1-479] Netlist was created with Vivado 2019.2
INFO: [Project 1-570] Preparing netlist for logic optimization
INFO: [Opt 31-141] Inserted 4 OBUFs to IO ports without IO buffers.

Processing XDC Constraints
Initializing timing engine
Parsing XDC File [c:/Users/jelte/Desktop/AudioInterface/AudioInterface.srcs/sources_1/ip/fir_hp/constraints/fir_compiler_v7_2.xdc] for cell 'AUDIO_SYSTEM/FILTERS_L/HIGHPASS_L/U0'
Finished Parsing XDC File [c:/Users/jelte/Desktop/AudioInterface/AudioInterface.srcs/sources_1/ip/fir_hp/constraints/fir_compiler_v7_2.xdc] for cell 'AUDIO_SYSTEM/FILTERS_L/HIGHPASS_L/U0'
Parsing XDC File [c:/Users/jelte/Desktop/AudioInterface/AudioInterface.srcs/sources_1/ip/clk_wiz_0/clk_wiz_0_board.xdc] for cell 'CLOCK25MHZ/inst'
Finished Parsing XDC File [c:/Users/jelte/Desktop/AudioInterface/AudioInterface.srcs/sources_1/ip/clk_wiz_0/clk_wiz_0_board.xdc] for cell 'CLOCK25MHZ/inst'
Parsing XDC File [c:/Users/jelte/Desktop/AudioInterface/AudioInterface.srcs/sources_1/ip/clk_wiz_0/clk_wiz_0.xdc] for cell 'CLOCK25MHZ/inst'
Finished Parsing XDC File [c:/Users/jelte/Desktop/AudioInterface/AudioInterface.srcs/sources_1/ip/clk_wiz_0/clk_wiz_0.xdc] for cell 'CLOCK25MHZ/inst'
INFO: [Project 1-236] Implementation specific constraints were found while reading constraint file [c:/Users/jelte/Desktop/AudioInterface/AudioInterface.srcs/sources_1/ip/clk_wiz_0/clk_wiz_0.xdc]. These constraints will be ignored for synthesis but will be used in implementation. Impacted constraints are listed in the file [.Xil/top_propImpl.xdc].
Resolution: To avoid this warning, move constraints listed in [.Xil/top_propImpl.xdc] to another XDC file and exclude this new file from synthesis with the used_in_synthesis property (File Properties dialog in GUI) and re-run elaboration/synthesis.
Parsing XDC File [c:/Users/jelte/Desktop/AudioInterface/AudioInterface.srcs/sources_1/ip/fir_lp/constraints/fir_compiler_v7_2.xdc] for cell 'AUDIO_SYSTEM/FILTERS_L/LOWPASS_L/U0'
Finished Parsing XDC File [c:/Users/jelte/Desktop/AudioInterface/AudioInterface.srcs/sources_1/ip/fir_lp/constraints/fir_compiler_v7_2.xdc] for cell 'AUDIO_SYSTEM/FILTERS_L/LOWPASS_L/U0'
Parsing XDC File [c:/Users/jelte/Desktop/AudioInterface/AudioInterface.srcs/sources_1/ip/fir_bp/constraints/fir_compiler_v7_2.xdc] for cell 'AUDIO_SYSTEM/FILTERS_L/BANDPASS_L/U0'
Finished Parsing XDC File [c:/Users/jelte/Desktop/AudioInterface/AudioInterface.srcs/sources_1/ip/fir_bp/constraints/fir_compiler_v7_2.xdc] for cell 'AUDIO_SYSTEM/FILTERS_L/BANDPASS_L/U0'
INFO: [Timing 38-2] Deriving generated clocks
Parsing XDC File [C:/Users/jelte/Desktop/AudioInterface/AudioInterface.srcs/constrs_1/imports/Documenten/Basys3_Master.xdc]
Finished Parsing XDC File [C:/Users/jelte/Desktop/AudioInterface/AudioInterface.srcs/constrs_1/imports/Documenten/Basys3_Master.xdc]
Completed Processing XDC Constraints

INFO: [Opt 31-138] Pushed 0 inverter(s) to 0 load pin(s).
Netlist sorting complete. Time (s): cpu = 00:00:00 ; elapsed = 00:00:00 . Memory (MB): peak = 1779.516 ; gain = 0.000
INFO: [Project 1-111] Unisim Transformation Summary:
No Unisim elements were transformed.

RTL Elaboration Complete:  : Time (s): cpu = 00:00:02 ; elapsed = 00:00:06 . Memory (MB): peak = 1860.184 ; gain = 432.715
58 Infos, 7 Warnings, 0 Critical Warnings and 0 Errors encountered.
synth_design completed successfully
synth_design: Time (s): cpu = 00:00:03 ; elapsed = 00:00:09 . Memory (MB): peak = 1860.184 ; gain = 601.621
exit
INFO: [Common 17-206] Exiting Vivado at Sat Jan  7 21:24:05 2023...
