#-----------------------------------------------------------
# Vivado v2019.2 (64-bit)
# SW Build 2708876 on Wed Nov  6 21:40:23 MST 2019
# IP Build 2700528 on Thu Nov  7 00:09:20 MST 2019
# Start of session at: Wed Jan 11 16:24:40 2023
# Process ID: 10704
# Current directory: C:/Users/jelte/Documents/Documenten/AP Hogeschool/Jaar 3/Semester 1/Digital Systems Development/Examen/AudioInterface
# Command line: vivado.exe -gui_launcher_event rodinguilauncherevent22408 C:\Users\jelte\Documents\Documenten\AP Hogeschool\Jaar 3\Semester 1\Digital Systems Development\Examen\AudioInterface\AudioInterface.xpr
# Log file: C:/Users/jelte/Documents/Documenten/AP Hogeschool/Jaar 3/Semester 1/Digital Systems Development/Examen/AudioInterface/vivado.log
# Journal file: C:/Users/jelte/Documents/Documenten/AP Hogeschool/Jaar 3/Semester 1/Digital Systems Development/Examen/AudioInterface\vivado.jou
#-----------------------------------------------------------
start_gui
open_project {C:/Users/jelte/Documents/Documenten/AP Hogeschool/Jaar 3/Semester 1/Digital Systems Development/Examen/AudioInterface/AudioInterface.xpr}
INFO: [ProjectBase 1-489] The host OS only allows 260 characters in a normal path. The project is stored in a path with more than 80 characters. If you experience issues with IP, Block Designs, or files not being found, please consider moving the project to a location with a shorter path. Alternately consider using the OS subst command to map part of the path to a drive letter.
Current project path is 'C:/Users/jelte/Documents/Documenten/AP Hogeschool/Jaar 3/Semester 1/Digital Systems Development/Examen/AudioInterface'
INFO: [Project 1-313] Project file moved from 'C:/Users/jelte/Desktop/AudioInterface' since last save.
Scanning sources...
Finished scanning sources
INFO: [IP_Flow 19-234] Refreshing IP repositories
INFO: [IP_Flow 19-1704] No user IP repositories specified
INFO: [IP_Flow 19-2313] Loaded Vivado IP repository 'C:/Xilinx/Vivado/2019.2/data/ip'.
open_project: Time (s): cpu = 00:00:01 ; elapsed = 00:00:05 . Memory (MB): peak = 886.973 ; gain = 245.430
update_compile_order -fileset sources_1
